<?xml version="1.0" encoding="UTF-8"?>
<!-- Generated by org.testng.reporters.JUnitXMLReporter -->
<testsuite hostname="DESKTOP-U9KGDGS" name="Cucumber Tests" tests="4" failures="1" timestamp="8 Jul 2019 10:44:12 GMT" time="428.7" errors="0">
  <testcase name="feature" time="33.245" classname="runners.MainRunner_Test">
    <failure type="cucumber.runtime.CucumberException" message="java.lang.AssertionError: Unable to wait and click on the WebElement, using locator: &amp;lt;[[ChromeDriver: chrome on XP (6598307341eee66f10d1cb970408a5d5)] -&amp;gt; xpath: //a[contains(text(),&amp;apos;bestätigen&amp;apos;)]]&amp;gt;">
      <![CDATA[cucumber.runtime.CucumberException: java.lang.AssertionError: Unable to wait and click on the WebElement, using locator: <[[ChromeDriver: chrome on XP (6598307341eee66f10d1cb970408a5d5)] -> xpath: //a[contains(text(),'bestätigen')]]]]><![CDATA[>
	at cucumber.api.testng.TestNGCucumberRunner.runCucumber(TestNGCucumberRunner.java:69)
	at cucumber.api.testng.AbstractTestNGCucumberTests.feature(AbstractTestNGCucumberTests.java:21)
Caused by: java.lang.AssertionError: Unable to wait and click on the WebElement, using locator: <[[ChromeDriver: chrome on XP (6598307341eee66f10d1cb970408a5d5)] -> xpath: //a[contains(text(),'bestätigen')]]]]><![CDATA[>
	at org.junit.Assert.fail(Assert.java:88)
	at pageObjects.BasePage.waitAndClickElement(BasePage.java:46)
	at stepDefinitions.New_RegistrationSteps.user_should_see_confirmation_button_and_click_on_it(New_RegistrationSteps.java:155)
	at ✽.Then User should see confirmation button and click on it(email_validation.feature:30)
... Removed 27 stack frames]]>
    </failure>
  </testcase> <!-- feature -->
  <testcase name="feature" time="203.172" classname="runners.MainRunner_Test"/>
  <testcase name="feature" time="158.224" classname="runners.MainRunner_Test"/>
  <testcase name="feature" time="33.067" classname="runners.MainRunner_Test"/>
</testsuite> <!-- Cucumber Tests -->
