<?xml version="1.0" encoding="UTF-8"?>
<testng-results skipped="0" failed="1" total="4" passed="3">
  <reporter-output>
  </reporter-output>
  <suite name="Cucumber Framework" duration-ms="428700" started-at="2019-07-08T10:37:03Z" finished-at="2019-07-08T10:44:12Z">
    <groups>
      <group name="cucumber">
        <method signature="AbstractTestNGCucumberTests.feature(cucumber.api.testng.CucumberFeatureWrapper)[pri:0, instance:runners.MainRunner_Test@69d9c55]" name="feature" class="cucumber.api.testng.AbstractTestNGCucumberTests"/>
      </group> <!-- cucumber -->
    </groups>
    <test name="Cucumber Tests" duration-ms="428700" started-at="2019-07-08T10:37:03Z" finished-at="2019-07-08T10:44:12Z">
      <class name="runners.MainRunner_Test">
        <test-method status="PASS" signature="setUpClass()[pri:0, instance:runners.MainRunner_Test@69d9c55]" name="setUpClass" is-config="true" duration-ms="282" started-at="2019-07-08T13:37:03Z" finished-at="2019-07-08T13:37:03Z">
          <reporter-output>
          </reporter-output>
        </test-method> <!-- setUpClass -->
        <test-method status="FAIL" signature="feature(cucumber.api.testng.CucumberFeatureWrapper)[pri:0, instance:runners.MainRunner_Test@69d9c55]" name="feature" duration-ms="33245" started-at="2019-07-08T13:37:03Z" description="Runs Cucumber Feature" data-provider="features" finished-at="2019-07-08T13:37:37Z">
          <params>
            <param index="0">
              <value>
                <![CDATA[Email confirmation]]>
              </value>
            </param>
          </params>
          <exception class="cucumber.runtime.CucumberException">
            <message>
              <![CDATA[java.lang.AssertionError: Unable to wait and click on the WebElement, using locator: <[[ChromeDriver: chrome on XP (6598307341eee66f10d1cb970408a5d5)] -> xpath: //a[contains(text(),'bestätigen')]]]]><![CDATA[>java.lang.AssertionError: Unable to wait and click on the WebElement, using locator: <[[ChromeDriver: chrome on XP (6598307341eee66f10d1cb970408a5d5)] -> xpath: //a[contains(text(),'bestätigen')]]><![CDATA[]]]]><![CDATA[>]]>
            </message>
            <full-stacktrace>
              <![CDATA[cucumber.runtime.CucumberException: java.lang.AssertionError: Unable to wait and click on the WebElement, using locator: <[[ChromeDriver: chrome on XP (6598307341eee66f10d1cb970408a5d5)] -> xpath: //a[contains(text(),'bestätigen')]]]]><![CDATA[>
	at cucumber.api.testng.TestNGCucumberRunner.runCucumber(TestNGCucumberRunner.java:69)
	at cucumber.api.testng.AbstractTestNGCucumberTests.feature(AbstractTestNGCucumberTests.java:21)
	at sun.reflect.NativeMethodAccessorImpl.invoke0(Native Method)
	at sun.reflect.NativeMethodAccessorImpl.invoke(NativeMethodAccessorImpl.java:62)
	at sun.reflect.DelegatingMethodAccessorImpl.invoke(DelegatingMethodAccessorImpl.java:43)
	at java.lang.reflect.Method.invoke(Method.java:498)
	at org.testng.internal.MethodInvocationHelper.invokeMethod(MethodInvocationHelper.java:86)
	at org.testng.internal.Invoker.invokeMethod(Invoker.java:643)
	at org.testng.internal.Invoker.invokeTestMethod(Invoker.java:820)
	at org.testng.internal.Invoker.invokeTestMethods(Invoker.java:1128)
	at org.testng.internal.TestMethodWorker.invokeTestMethods(TestMethodWorker.java:129)
	at org.testng.internal.TestMethodWorker.run(TestMethodWorker.java:112)
	at org.testng.TestRunner.privateRun(TestRunner.java:782)
	at org.testng.TestRunner.run(TestRunner.java:632)
	at org.testng.SuiteRunner.runTest(SuiteRunner.java:366)
	at org.testng.SuiteRunner.runSequentially(SuiteRunner.java:361)
	at org.testng.SuiteRunner.privateRun(SuiteRunner.java:319)
	at org.testng.SuiteRunner.run(SuiteRunner.java:268)
	at org.testng.SuiteRunnerWorker.runSuite(SuiteRunnerWorker.java:52)
	at org.testng.SuiteRunnerWorker.run(SuiteRunnerWorker.java:86)
	at org.testng.TestNG.runSuitesSequentially(TestNG.java:1244)
	at org.testng.TestNG.runSuitesLocally(TestNG.java:1169)
	at org.testng.TestNG.run(TestNG.java:1064)
	at org.apache.maven.surefire.testng.TestNGExecutor.run(TestNGExecutor.java:281)
	at org.apache.maven.surefire.testng.TestNGXmlTestSuite.execute(TestNGXmlTestSuite.java:75)
	at org.apache.maven.surefire.testng.TestNGProvider.invoke(TestNGProvider.java:121)
	at org.apache.maven.surefire.booter.ForkedBooter.invokeProviderInSameClassLoader(ForkedBooter.java:290)
	at org.apache.maven.surefire.booter.ForkedBooter.runSuitesInProcess(ForkedBooter.java:242)
	at org.apache.maven.surefire.booter.ForkedBooter.main(ForkedBooter.java:121)
Caused by: java.lang.AssertionError: Unable to wait and click on the WebElement, using locator: <[[ChromeDriver: chrome on XP (6598307341eee66f10d1cb970408a5d5)] -> xpath: //a[contains(text(),'bestätigen')]]]]><![CDATA[>
	at org.junit.Assert.fail(Assert.java:88)
	at pageObjects.BasePage.waitAndClickElement(BasePage.java:46)
	at stepDefinitions.New_RegistrationSteps.user_should_see_confirmation_button_and_click_on_it(New_RegistrationSteps.java:155)
	at ✽.Then User should see confirmation button and click on it(email_validation.feature:30)
]]>
            </full-stacktrace>
          </exception> <!-- cucumber.runtime.CucumberException -->
          <reporter-output>
          </reporter-output>
        </test-method> <!-- feature -->
        <test-method status="PASS" signature="feature(cucumber.api.testng.CucumberFeatureWrapper)[pri:0, instance:runners.MainRunner_Test@69d9c55]" name="feature" duration-ms="203172" started-at="2019-07-08T13:37:37Z" description="Runs Cucumber Feature" data-provider="features" finished-at="2019-07-08T13:41:00Z">
          <params>
            <param index="0">
              <value>
                <![CDATA[Login functionality tests]]>
              </value>
            </param>
          </params>
          <reporter-output>
          </reporter-output>
        </test-method> <!-- feature -->
        <test-method status="PASS" signature="feature(cucumber.api.testng.CucumberFeatureWrapper)[pri:0, instance:runners.MainRunner_Test@69d9c55]" name="feature" duration-ms="158224" started-at="2019-07-08T13:41:00Z" description="Runs Cucumber Feature" data-provider="features" finished-at="2019-07-08T13:43:38Z">
          <params>
            <param index="0">
              <value>
                <![CDATA[New user registration functionality tests]]>
              </value>
            </param>
          </params>
          <reporter-output>
          </reporter-output>
        </test-method> <!-- feature -->
        <test-method status="PASS" signature="feature(cucumber.api.testng.CucumberFeatureWrapper)[pri:0, instance:runners.MainRunner_Test@69d9c55]" name="feature" duration-ms="33067" started-at="2019-07-08T13:43:38Z" description="Runs Cucumber Feature" data-provider="features" finished-at="2019-07-08T13:44:11Z">
          <params>
            <param index="0">
              <value>
                <![CDATA[Travel Search functionality tests]]>
              </value>
            </param>
          </params>
          <reporter-output>
          </reporter-output>
        </test-method> <!-- feature -->
        <test-method status="PASS" signature="writeExtentReport()[pri:0, instance:runners.MainRunner_Test@69d9c55]" name="writeExtentReport" is-config="true" duration-ms="124" started-at="2019-07-08T13:44:11Z" finished-at="2019-07-08T13:44:11Z">
          <reporter-output>
          </reporter-output>
        </test-method> <!-- writeExtentReport -->
        <test-method status="PASS" signature="tearDownClass()[pri:0, instance:runners.MainRunner_Test@69d9c55]" name="tearDownClass" is-config="true" duration-ms="453" started-at="2019-07-08T13:44:11Z" finished-at="2019-07-08T13:44:12Z">
          <reporter-output>
          </reporter-output>
        </test-method> <!-- tearDownClass -->
      </class> <!-- runners.MainRunner_Test -->
    </test> <!-- Cucumber Tests -->
  </suite> <!-- Cucumber Framework -->
</testng-results>
